#
# There is insufficient memory for the Java Runtime Environment to continue.
# Native memory allocation (malloc) failed to allocate 935216 bytes for Chunk::new
# Possible reasons:
#   The system is out of physical RAM or swap space
#   In 32 bit mode, the process size limit was hit
# Possible solutions:
#   Reduce memory load on the system
#   Increase physical memory or swap space
#   Check if swap backing store is full
#   Use 64 bit Java on a 64 bit OS
#   Decrease Java heap size (-Xmx/-Xms)
#   Decrease number of Java threads
#   Decrease Java thread stack sizes (-Xss)
#   Set larger code cache with -XX:ReservedCodeCacheSize=
# This output file may be truncated or incomplete.
#
#  Out of Memory Error (allocation.cpp:390), pid=7952, tid=0x000000000000198c
#
# JRE version: OpenJDK Runtime Environment (8.0_152-b02) (build 1.8.0_152-release-1024-b02)
# Java VM: OpenJDK 64-Bit Server VM (25.152-b02 mixed mode windows-amd64 compressed oops)
# Failed to write core dump. Minidumps are not enabled by default on client versions of Windows
#

---------------  T H R E A D  ---------------

Current thread (0x0000000015c7e800):  JavaThread "C2 CompilerThread0" daemon [_thread_in_native, id=6540, stack(0x00000000172c0000,0x00000000173c0000)]

Stack: [0x00000000172c0000,0x00000000173c0000]
[error occurred during error reporting (printing stack bounds), id 0xc0000005]

Native frames: (J=compiled Java code, j=interpreted, Vv=VM code, C=native code)


Current CompileTask:
C2: 239045 5758       4       org.jetbrains.kotlin.protobuf.AbstractMessageLite::writeDelimitedTo (40 bytes)


---------------  P R O C E S S  ---------------

Java Threads: ( => current thread )
  0x000000001993d800 JavaThread "RMI RenewClean-[localhost:57103,org.jetbrains.kotlin.daemon.common.LoopbackNetworkInterface$ClientLoopbackSocketFactory@6b807734]" daemon [_thread_blocked, id=908, stack(0x0000000019090000,0x0000000019190000)]
  0x0000000017dcc000 JavaThread "RMI TCP Connection(5)-127.0.0.1" daemon [_thread_in_vm, id=7304, stack(0x0000000018e90000,0x0000000018f90000)]
  0x0000000017dd1800 JavaThread "RMI TCP Connection(4)-127.0.0.1" daemon [_thread_in_native, id=6480, stack(0x00000000188a0000,0x00000000189a0000)]
  0x0000000017e01000 JavaThread "RMI RenewClean-[localhost:57103,org.jetbrains.kotlin.daemon.common.LoopbackNetworkInterface$ClientLoopbackSocketFactory@6ed1e343]" daemon [_thread_blocked, id=1740, stack(0x0000000019190000,0x0000000019290000)]
  0x0000000017dd1000 JavaThread "RMI Scheduler(0)" daemon [_thread_blocked, id=5988, stack(0x0000000018f90000,0x0000000019090000)]
  0x000000000054e000 JavaThread "DestroyJavaVM" [_thread_blocked, id=7504, stack(0x0000000002110000,0x0000000002210000)]
  0x0000000017ded000 JavaThread "GC Daemon" daemon [_thread_blocked, id=4524, stack(0x0000000018aa0000,0x0000000018ba0000)]
  0x0000000017e53800 JavaThread "RMI Reaper" [_thread_blocked, id=6168, stack(0x00000000189a0000,0x0000000018aa0000)]
  0x0000000017d2f800 JavaThread "Timer-0" daemon [_thread_blocked, id=2824, stack(0x00000000187a0000,0x00000000188a0000)]
  0x0000000017d2f000 JavaThread "RMI TCP Accept-17244" daemon [_thread_in_native, id=6664, stack(0x00000000186a0000,0x00000000187a0000)]
  0x00000000175e8800 JavaThread "Service Thread" daemon [_thread_blocked, id=6804, stack(0x00000000179c0000,0x0000000017ac0000)]
  0x0000000015c94000 JavaThread "C1 CompilerThread2" daemon [_thread_blocked, id=5408, stack(0x00000000174c0000,0x00000000175c0000)]
  0x0000000015c81000 JavaThread "C2 CompilerThread1" daemon [_thread_in_native, id=1064, stack(0x00000000173c0000,0x00000000174c0000)]
=>0x0000000015c7e800 JavaThread "C2 CompilerThread0" daemon [_thread_in_native, id=6540, stack(0x00000000172c0000,0x00000000173c0000)]
  0x0000000015c89000 JavaThread "Attach Listener" daemon [_thread_blocked, id=6668, stack(0x00000000171c0000,0x00000000172c0000)]
  0x0000000015c88000 JavaThread "Signal Dispatcher" daemon [_thread_blocked, id=4800, stack(0x00000000170c0000,0x00000000171c0000)]
  0x0000000015c66800 JavaThread "Finalizer" daemon [_thread_blocked, id=2844, stack(0x0000000016ee0000,0x0000000016fe0000)]
  0x0000000002304000 JavaThread "Reference Handler" daemon [_thread_blocked, id=5116, stack(0x0000000016de0000,0x0000000016ee0000)]

Other Threads:
  0x0000000015c45800 VMThread [stack: 0x0000000016ce0000,0x0000000016de0000] [id=4760]
  0x0000000015cdd800 WatcherThread [stack: 0x0000000017ac0000,0x0000000017bc0000] [id=8136]

VM state:not at safepoint (normal execution)

VM Mutex/Monitor currently owned by a thread: None

Heap:
 PSYoungGen      total 82944K, used 17350K [0x00000000e0000000, 0x00000000e7100000, 0x0000000100000000)
  eden space 65536K, 3% used [0x00000000e0000000,0x00000000e0277990,0x00000000e4000000)
  from space 17408K, 85% used [0x00000000e4000000,0x00000000e4e7a180,0x00000000e5100000)
  to   space 18432K, 0% used [0x00000000e5f00000,0x00000000e5f00000,0x00000000e7100000)
 ParOldGen       total 75776K, used 27074K [0x00000000a0000000, 0x00000000a4a00000, 0x00000000e0000000)
  object space 75776K, 35% used [0x00000000a0000000,0x00000000a1a70958,0x00000000a4a00000)
 Metaspace       used 48234K, capacity 49007K, committed 49280K, reserved 1093632K
  class space    used 5840K, capacity 6015K, committed 6016K, reserved 1048576K

Card table byte_map: [0x00000000116d0000,0x00000000119e0000] byte_map_base: 0x00000000111d0000

Marking Bits: (ParMarkBitMap*) 0x000000006b784970
 Begin Bits: [0x0000000011fe0000, 0x00000000137e0000)
 End Bits:   [0x00000000137e0000, 0x0000000014fe0000)

Polling page: 0x00000000004d0000

CodeCache: size=245760Kb used=15268Kb max_used=15432Kb free=230492Kb
 bounds [0x0000000002310000, 0x0000000003240000, 0x0000000011310000]
 total_blobs=5675 nmethods=5168 adapters=420
 compilation: enabled

Compilation events (10 events):
Event: 239.033 Thread 0x0000000015c94000 nmethod 5791 0x000000000269de50 code [0x000000000269dfc0, 0x000000000269e210]
Event: 239.035 Thread 0x0000000015c94000 5793       3       org.jetbrains.kotlin.psi.KtDotQualifiedExpression::<init> (12 bytes)
Event: 239.035 Thread 0x0000000015c94000 nmethod 5793 0x00000000030cbc10 code [0x00000000030cbda0, 0x00000000030cc0d8]
Event: 239.036 Thread 0x0000000015c94000 5794       3       org.jetbrains.kotlin.psi.KtImportDirective::getAliasName (18 bytes)
Event: 239.036 Thread 0x0000000015c94000 nmethod 5794 0x0000000002c5ba90 code [0x0000000002c5bc20, 0x0000000002c5c098]
Event: 239.037 Thread 0x0000000015c94000 5796       3       org.jetbrains.kotlin.psi.KtImportDirective::fqNameFromExpression (107 bytes)
Event: 239.040 Thread 0x0000000015c94000 nmethod 5796 0x0000000003008290 code [0x00000000030085e0, 0x000000000300a538]
Event: 239.040 Thread 0x0000000015c94000 5795   !   3       sun.reflect.GeneratedConstructorAccessor10::newInstance (53 bytes)
Event: 239.041 Thread 0x0000000015c94000 nmethod 5795 0x0000000002905190 code [0x0000000002905380, 0x0000000002905b78]
Event: 239.041 Thread 0x0000000015c94000 5797       3       org.jetbrains.kotlin.psi.KtExpression$$Lambda$55/550998194::create (8 bytes)

GC Heap History (10 events):
Event: 14.630 GC heap before
{Heap before GC invocations=10 (full 2):
 PSYoungGen      total 38400K, used 20590K [0x00000000e0000000, 0x00000000e4480000, 0x0000000100000000)
  eden space 29696K, 40% used [0x00000000e0000000,0x00000000e0ba1370,0x00000000e1d00000)
  from space 8704K, 99% used [0x00000000e1d00000,0x00000000e257a6e8,0x00000000e2580000)
  to   space 11776K, 0% used [0x00000000e3900000,0x00000000e3900000,0x00000000e4480000)
 ParOldGen       total 50176K, used 16843K [0x00000000a0000000, 0x00000000a3100000, 0x00000000e0000000)
  object space 50176K, 33% used [0x00000000a0000000,0x00000000a1072c80,0x00000000a3100000)
 Metaspace       used 34727K, capacity 35202K, committed 35496K, reserved 1081344K
  class space    used 4355K, capacity 4495K, committed 4608K, reserved 1048576K
Event: 14.654 GC heap after
Heap after GC invocations=10 (full 2):
 PSYoungGen      total 57344K, used 9860K [0x00000000e0000000, 0x00000000e4700000, 0x0000000100000000)
  eden space 45568K, 0% used [0x00000000e0000000,0x00000000e0000000,0x00000000e2c80000)
  from space 11776K, 83% used [0x00000000e3900000,0x00000000e42a12e8,0x00000000e4480000)
  to   space 12800K, 0% used [0x00000000e2c80000,0x00000000e2c80000,0x00000000e3900000)
 ParOldGen       total 50176K, used 16902K [0x00000000a0000000, 0x00000000a3100000, 0x00000000e0000000)
  object space 50176K, 33% used [0x00000000a0000000,0x00000000a1081b48,0x00000000a3100000)
 Metaspace       used 34727K, capacity 35202K, committed 35496K, reserved 1081344K
  class space    used 4355K, capacity 4495K, committed 4608K, reserved 1048576K
}
Event: 14.654 GC heap before
{Heap before GC invocations=11 (full 3):
 PSYoungGen      total 57344K, used 9860K [0x00000000e0000000, 0x00000000e4700000, 0x0000000100000000)
  eden space 45568K, 0% used [0x00000000e0000000,0x00000000e0000000,0x00000000e2c80000)
  from space 11776K, 83% used [0x00000000e3900000,0x00000000e42a12e8,0x00000000e4480000)
  to   space 12800K, 0% used [0x00000000e2c80000,0x00000000e2c80000,0x00000000e3900000)
 ParOldGen       total 50176K, used 16902K [0x00000000a0000000, 0x00000000a3100000, 0x00000000e0000000)
  object space 50176K, 33% used [0x00000000a0000000,0x00000000a1081b48,0x00000000a3100000)
 Metaspace       used 34727K, capacity 35202K, committed 35496K, reserved 1081344K
  class space    used 4355K, capacity 4495K, committed 4608K, reserved 1048576K
Event: 14.805 GC heap after
Heap after GC invocations=11 (full 3):
 PSYoungGen      total 57344K, used 0K [0x00000000e0000000, 0x00000000e4700000, 0x0000000100000000)
  eden space 45568K, 0% used [0x00000000e0000000,0x00000000e0000000,0x00000000e2c80000)
  from space 11776K, 0% used [0x00000000e3900000,0x00000000e3900000,0x00000000e4480000)
  to   space 12800K, 0% used [0x00000000e2c80000,0x00000000e2c80000,0x00000000e3900000)
 ParOldGen       total 75776K, used 15973K [0x00000000a0000000, 0x00000000a4a00000, 0x00000000e0000000)
  object space 75776K, 21% used [0x00000000a0000000,0x00000000a0f99500,0x00000000a4a00000)
 Metaspace       used 34727K, capacity 35202K, committed 35496K, reserved 1081344K
  class space    used 4355K, capacity 4495K, committed 4608K, reserved 1048576K
}
Event: 16.919 GC heap before
{Heap before GC invocations=12 (full 3):
 PSYoungGen      total 57344K, used 45568K [0x00000000e0000000, 0x00000000e4700000, 0x0000000100000000)
  eden space 45568K, 100% used [0x00000000e0000000,0x00000000e2c80000,0x00000000e2c80000)
  from space 11776K, 0% used [0x00000000e3900000,0x00000000e3900000,0x00000000e4480000)
  to   space 12800K, 0% used [0x00000000e2c80000,0x00000000e2c80000,0x00000000e3900000)
 ParOldGen       total 75776K, used 15973K [0x00000000a0000000, 0x00000000a4a00000, 0x00000000e0000000)
  object space 75776K, 21% used [0x00000000a0000000,0x00000000a0f99500,0x00000000a4a00000)
 Metaspace       used 38566K, capacity 39188K, committed 39680K, reserved 1083392K
  class space    used 4827K, capacity 5000K, committed 5120K, reserved 1048576K
Event: 16.960 GC heap after
Heap after GC invocations=12 (full 3):
 PSYoungGen      total 58368K, used 12280K [0x00000000e0000000, 0x00000000e6200000, 0x0000000100000000)
  eden space 45568K, 0% used [0x00000000e0000000,0x00000000e0000000,0x00000000e2c80000)
  from space 12800K, 95% used [0x00000000e2c80000,0x00000000e387e160,0x00000000e3900000)
  to   space 14336K, 0% used [0x00000000e5400000,0x00000000e5400000,0x00000000e6200000)
 ParOldGen       total 75776K, used 15981K [0x00000000a0000000, 0x00000000a4a00000, 0x00000000e0000000)
  object space 75776K, 21% used [0x00000000a0000000,0x00000000a0f9b500,0x00000000a4a00000)
 Metaspace       used 38566K, capacity 39188K, committed 39680K, reserved 1083392K
  class space    used 4827K, capacity 5000K, committed 5120K, reserved 1048576K
}
Event: 19.754 GC heap before
{Heap before GC invocations=13 (full 3):
 PSYoungGen      total 58368K, used 57848K [0x00000000e0000000, 0x00000000e6200000, 0x0000000100000000)
  eden space 45568K, 100% used [0x00000000e0000000,0x00000000e2c80000,0x00000000e2c80000)
  from space 12800K, 95% used [0x00000000e2c80000,0x00000000e387e160,0x00000000e3900000)
  to   space 14336K, 0% used [0x00000000e5400000,0x00000000e5400000,0x00000000e6200000)
 ParOldGen       total 75776K, used 15981K [0x00000000a0000000, 0x00000000a4a00000, 0x00000000e0000000)
  object space 75776K, 21% used [0x00000000a0000000,0x00000000a0f9b500,0x00000000a4a00000)
 Metaspace       used 44549K, capacity 45201K, committed 45696K, reserved 1089536K
  class space    used 5514K, capacity 5684K, committed 5760K, reserved 1048576K
Event: 19.793 GC heap after
Heap after GC invocations=13 (full 3):
 PSYoungGen      total 75264K, used 14315K [0x00000000e0000000, 0x00000000e6200000, 0x0000000100000000)
  eden space 60928K, 0% used [0x00000000e0000000,0x00000000e0000000,0x00000000e3b80000)
  from space 14336K, 99% used [0x00000000e5400000,0x00000000e61faf18,0x00000000e6200000)
  to   space 17408K, 0% used [0x00000000e4000000,0x00000000e4000000,0x00000000e5100000)
 ParOldGen       total 75776K, used 19448K [0x00000000a0000000, 0x00000000a4a00000, 0x00000000e0000000)
  object space 75776K, 25% used [0x00000000a0000000,0x00000000a12fe1e8,0x00000000a4a00000)
 Metaspace       used 44549K, capacity 45201K, committed 45696K, reserved 1089536K
  class space    used 5514K, capacity 5684K, committed 5760K, reserved 1048576K
}
Event: 238.745 GC heap before
{Heap before GC invocations=14 (full 3):
 PSYoungGen      total 75264K, used 75243K [0x00000000e0000000, 0x00000000e6200000, 0x0000000100000000)
  eden space 60928K, 100% used [0x00000000e0000000,0x00000000e3b80000,0x00000000e3b80000)
  from space 14336K, 99% used [0x00000000e5400000,0x00000000e61faf18,0x00000000e6200000)
  to   space 17408K, 0% used [0x00000000e4000000,0x00000000e4000000,0x00000000e5100000)
 ParOldGen       total 75776K, used 19448K [0x00000000a0000000, 0x00000000a4a00000, 0x00000000e0000000)
  object space 75776K, 25% used [0x00000000a0000000,0x00000000a12fe1e8,0x00000000a4a00000)
 Metaspace       used 48195K, capacity 48997K, committed 49280K, reserved 1093632K
  class space    used 5839K, capacity 6014K, committed 6016K, reserved 1048576K
Event: 238.817 GC heap after
Heap after GC invocations=14 (full 3):
 PSYoungGen      total 82944K, used 14824K [0x00000000e0000000, 0x00000000e7100000, 0x0000000100000000)
  eden space 65536K, 0% used [0x00000000e0000000,0x00000000e0000000,0x00000000e4000000)
  from space 17408K, 85% used [0x00000000e4000000,0x00000000e4e7a180,0x00000000e5100000)
  to   space 18432K, 0% used [0x00000000e5f00000,0x00000000e5f00000,0x00000000e7100000)
 ParOldGen       total 75776K, used 27074K [0x00000000a0000000, 0x00000000a4a00000, 0x00000000e0000000)
  object space 75776K, 35% used [0x00000000a0000000,0x00000000a1a70958,0x00000000a4a00000)
 Metaspace       used 48195K, capacity 48997K, committed 49280K, reserved 1093632K
  class space    used 5839K, capacity 6014K, committed 6016K, reserved 1048576K
}

Deoptimization events (10 events):
Event: 26.942 Thread 0x0000000017dd1800 Uncommon trap: reason=unstable_if action=reinterpret pc=0x00000000031da498 method=java.io.ObjectInputStream$BlockDataInputStream.readUnsignedShort()I @ 4
Event: 26.942 Thread 0x0000000017dd1800 Uncommon trap: reason=unstable_if action=reinterpret pc=0x00000000031d8cec method=java.io.ObjectInputStream$BlockDataInputStream.readUTFBody(J)Ljava/lang/String; @ 12
Event: 26.942 Thread 0x0000000017dd1800 Uncommon trap: reason=unstable_if action=reinterpret pc=0x00000000031cde0c method=java.io.ObjectInputStream$BlockDataInputStream.readUnsignedShort()I @ 4
Event: 232.478 Thread 0x0000000017dcc000 Uncommon trap: reason=class_check action=maybe_recompile pc=0x000000000311f264 method=java.util.regex.Pattern$Slice.match(Ljava/util/regex/Matcher;ILjava/lang/CharSequence;)Z @ 75
Event: 232.493 Thread 0x0000000017dcc000 Uncommon trap: reason=unstable_if action=reinterpret pc=0x0000000002f69fdc method=org.jetbrains.kotlin.gnu.trove.TObjectHash.insertionIndex(Ljava/lang/Object;)I @ 150
Event: 238.258 Thread 0x0000000017dcc000 Uncommon trap: reason=unstable_if action=reinterpret pc=0x0000000002a86dd0 method=org.jetbrains.kotlin.com.intellij.util.text.ImmutableText.charAt(I)C @ 6
Event: 238.360 Thread 0x0000000017dcc000 Uncommon trap: reason=class_check action=maybe_recompile pc=0x000000000311f264 method=java.util.regex.Pattern$Slice.match(Ljava/util/regex/Matcher;ILjava/lang/CharSequence;)Z @ 75
Event: 238.362 Thread 0x0000000017dcc000 Uncommon trap: reason=class_check action=maybe_recompile pc=0x000000000311f264 method=java.util.regex.Pattern$Slice.match(Ljava/util/regex/Matcher;ILjava/lang/CharSequence;)Z @ 75
Event: 238.362 Thread 0x0000000017dcc000 Uncommon trap: reason=class_check action=maybe_recompile pc=0x000000000311f264 method=java.util.regex.Pattern$Slice.match(Ljava/util/regex/Matcher;ILjava/lang/CharSequence;)Z @ 75
Event: 238.494 Thread 0x0000000017dcc000 Uncommon trap: reason=unstable_if action=reinterpret pc=0x0000000002e9d16c method=org.jetbrains.kotlin.psi.KtFile.getVirtualFilePath()Ljava/lang/String; @ 5

Classes redefined (0 events):
No events

Internal exceptions (10 events):
Event: 19.289 Thread 0x0000000017dd1800 Implicit null exception at 0x0000000002883f62 to 0x000000000288433d
Event: 19.289 Thread 0x0000000017dd1800 Implicit null exception at 0x000000000287cc27 to 0x000000000287cf9d
Event: 19.289 Thread 0x0000000017dd1800 Implicit null exception at 0x00000000028918cc to 0x0000000002891936
Event: 19.654 Thread 0x0000000017dd1800 Exception <a 'java/lang/NoSuchMethodError': java.lang.Object.lambda$static$0(Ljava/lang/Throwable;Ljava/lang/String;)V> (0x00000000e29e8d68) thrown at [D:\src\AOSP-openjdk-cygwin\jdk8u\hotspot\src\share\vm\interpreter\linkResolver.cpp, line 584]
Event: 19.877 Thread 0x0000000017dd1800 Exception <a 'java/lang/NoSuchMethodError': java.lang.Object.lambda$static$0(Lorg/jetbrains/kotlin/descriptors/ValueParameterDescriptor;Lorg/jetbrains/kotlin/codegen/ExpressionCodegen;)Lorg/jetbrains/kotlin/codegen/StackValue;> (0x00000000e028d230) thrown
Event: 21.520 Thread 0x0000000017dd1800 Exception <a 'java/lang/NoSuchMethodError': <clinit>> (0x00000000e12f1ba0) thrown at [D:\src\AOSP-openjdk-cygwin\jdk8u\hotspot\src\share\vm\prims\jni.cpp, line 1613]
Event: 232.179 Thread 0x000000001993d800 Exception <a 'java/lang/InterruptedException'> (0x00000000e1d984a0) thrown at [D:\src\AOSP-openjdk-cygwin\jdk8u\hotspot\src\share\vm\runtime\objectMonitor.cpp, line 1684]
Event: 232.312 Thread 0x0000000017dcc000 Exception <a 'sun/nio/fs/WindowsException'> (0x00000000e1e73d58) thrown at [D:\src\AOSP-openjdk-cygwin\jdk8u\hotspot\src\share\vm\prims\jni.cpp, line 709]
Event: 232.312 Thread 0x0000000017dcc000 Exception <a 'java/lang/reflect/InvocationTargetException'> (0x00000000e1e745a0) thrown at [D:\src\AOSP-openjdk-cygwin\jdk8u\hotspot\src\share\vm\runtime\reflection.cpp, line 1092]
Event: 238.257 Thread 0x0000000017dcc000 Implicit null exception at 0x0000000002a86c55 to 0x0000000002a86db5

Events (10 events):
Event: 238.893 Thread 0x0000000015c81000 flushing nmethod 0x0000000003002b10
Event: 238.893 Thread 0x0000000015c81000 flushing nmethod 0x00000000030045d0
Event: 238.893 Thread 0x0000000015c81000 flushing nmethod 0x00000000030070d0
Event: 238.893 Thread 0x0000000015c81000 flushing nmethod 0x0000000003024f10
Event: 238.893 Thread 0x0000000015c81000 flushing nmethod 0x0000000003034650
Event: 238.893 Thread 0x0000000015c81000 flushing nmethod 0x000000000303c090
Event: 238.893 Thread 0x0000000015c81000 flushing nmethod 0x000000000303e0d0
Event: 238.900 Thread 0x0000000015c94000 flushing nmethod 0x00000000030a3690
Event: 238.900 Thread 0x0000000015c94000 flushing nmethod 0x00000000030a3b90
Event: 238.900 Thread 0x0000000015c94000 flushing nmethod 0x00000000030cbc10


Dynamic libraries:
0x00007ff6e7d60000 - 0x00007ff6e7d91000 	D:\Apps\Android Studio\jre\jre\bin\java.exe
0x00007ffe365d0000 - 0x00007ffe3677d000 	C:\Windows\SYSTEM32\ntdll.dll
0x00007ffe33cc0000 - 0x00007ffe33dfe000 	C:\Windows\system32\KERNEL32.DLL
0x00007ffe33ab0000 - 0x00007ffe33bc5000 	C:\Windows\system32\KERNELBASE.dll
0x00007ffe36520000 - 0x00007ffe365ca000 	C:\Windows\system32\ADVAPI32.dll
0x00007ffe35920000 - 0x00007ffe35a97000 	C:\Windows\system32\USER32.dll
0x00007ffe31590000 - 0x00007ffe3180b000 	C:\Windows\WinSxS\amd64_microsoft.windows.common-controls_6595b64144ccf1df_6.0.9600.18006_none_623f33d3ecbe86e8\COMCTL32.dll
0x00007ffe36160000 - 0x00007ffe3620a000 	C:\Windows\system32\msvcrt.dll
0x00007ffe35c00000 - 0x00007ffe35c59000 	C:\Windows\SYSTEM32\sechost.dll
0x00007ffe33e00000 - 0x00007ffe33f40000 	C:\Windows\system32\RPCRT4.dll
0x00007ffe357c0000 - 0x00007ffe3590b000 	C:\Windows\system32\GDI32.dll
0x00007ffe33bd0000 - 0x00007ffe33bfe000 	C:\Windows\system32\SspiCli.dll
0x00007ffe35e10000 - 0x00007ffe35e46000 	C:\Windows\system32\IMM32.DLL
0x00007ffe35aa0000 - 0x00007ffe35bf1000 	C:\Windows\system32\MSCTF.dll
0x00007ffe336c0000 - 0x00007ffe336f0000 	C:\Windows\system32\nvinitx.dll
0x00007ffe336b0000 - 0x00007ffe336ba000 	C:\Windows\SYSTEM32\VERSION.dll
0x000000006cf00000 - 0x000000006cf06000 	C:\Program Files\NVIDIA Corporation\CoProcManager\_etoured.dll
0x00007ffe31810000 - 0x00007ffe31848000 	C:\Program Files\NVIDIA Corporation\CoProcManager\nvd3d9wrapx.dll
0x00007ffe35e50000 - 0x00007ffe3602a000 	C:\Windows\system32\SETUPAPI.dll
0x00007ffe339b0000 - 0x00007ffe339ff000 	C:\Windows\system32\CFGMGR32.dll
0x00007ffe31560000 - 0x00007ffe31584000 	C:\Program Files\NVIDIA Corporation\CoProcManager\nvdxgiwrapx.dll
0x000000006aec0000 - 0x000000006af92000 	D:\Apps\Android Studio\jre\jre\bin\msvcr100.dll
0x000000006afc0000 - 0x000000006b7ff000 	D:\Apps\Android Studio\jre\jre\bin\server\jvm.dll
0x00007ffe1e650000 - 0x00007ffe1e659000 	C:\Windows\SYSTEM32\WSOCK32.dll
0x00007ffe30610000 - 0x00007ffe30632000 	C:\Windows\SYSTEM32\WINMM.dll
0x00007ffe34280000 - 0x00007ffe34287000 	C:\Windows\system32\PSAPI.DLL
0x00007ffe36300000 - 0x00007ffe3635a000 	C:\Windows\system32\WS2_32.dll
0x00007ffe2f5f0000 - 0x00007ffe2f61a000 	C:\Windows\SYSTEM32\WINMMBASE.dll
0x00007ffe36510000 - 0x00007ffe36519000 	C:\Windows\system32\NSI.dll
0x00007ffe324e0000 - 0x00007ffe32508000 	C:\Windows\SYSTEM32\DEVOBJ.dll
0x00007ffe2bdf0000 - 0x00007ffe2bdff000 	D:\Apps\Android Studio\jre\jre\bin\verify.dll
0x00007ffe294b0000 - 0x00007ffe294d9000 	D:\Apps\Android Studio\jre\jre\bin\java.dll
0x00007ffe2b9b0000 - 0x00007ffe2b9c6000 	D:\Apps\Android Studio\jre\jre\bin\zip.dll
0x00007ffe34290000 - 0x00007ffe357bc000 	C:\Windows\system32\SHELL32.dll
0x00007ffe33f40000 - 0x00007ffe34152000 	C:\Windows\SYSTEM32\combase.dll
0x00007ffe33c60000 - 0x00007ffe33cb4000 	C:\Windows\system32\SHLWAPI.dll
0x00007ffe32250000 - 0x00007ffe32302000 	C:\Windows\SYSTEM32\SHCORE.dll
0x00007ffe33700000 - 0x00007ffe33715000 	C:\Windows\SYSTEM32\profapi.dll
0x00007ffe298e0000 - 0x00007ffe298ed000 	D:\Apps\Android Studio\jre\jre\bin\management.dll
0x00007ffe29490000 - 0x00007ffe294aa000 	D:\Apps\Android Studio\jre\jre\bin\net.dll
0x00007ffe32ef0000 - 0x00007ffe32f49000 	C:\Windows\system32\mswsock.dll
0x00007ffe27d20000 - 0x00007ffe27d31000 	D:\Apps\Android Studio\jre\jre\bin\nio.dll
0x00007ffe32f50000 - 0x00007ffe32f70000 	C:\Windows\SYSTEM32\CRYPTSP.dll
0x00007ffe32b70000 - 0x00007ffe32ba6000 	C:\Windows\system32\rsaenh.dll
0x00007ffe331a0000 - 0x00007ffe331c6000 	C:\Windows\SYSTEM32\bcrypt.dll
0x00007ffe32c80000 - 0x00007ffe32ca1000 	C:\Windows\SYSTEM32\USERENV.dll
0x00007ffe33520000 - 0x00007ffe33583000 	C:\Windows\system32\bcryptprimitives.dll
0x00007ffe33590000 - 0x00007ffe3359b000 	C:\Windows\SYSTEM32\CRYPTBASE.dll
0x00007ffe2df50000 - 0x00007ffe2df7a000 	C:\Windows\SYSTEM32\IPHLPAPI.DLL
0x00007ffe2ef70000 - 0x00007ffe2ef7a000 	C:\Windows\SYSTEM32\WINNSI.DLL
0x00007ffe2d390000 - 0x00007ffe2d3a6000 	C:\Windows\SYSTEM32\dhcpcsvc6.DLL
0x00007ffe2d740000 - 0x00007ffe2d75a000 	C:\Windows\SYSTEM32\dhcpcsvc.DLL

VM Arguments:
jvm_args: -Djava.awt.headless=true -Djava.rmi.server.hostname=localhost -Xmx1536m -Dkotlin.environment.keepalive 
java_command: org.jetbrains.kotlin.daemon.KotlinCompileDaemon --daemon-runFilesPath C:\Users\Mike\AppData\Local\kotlin\daemon --daemon-autoshutdownIdleSeconds=7200 --daemon-compilerClasspath C:\Users\Mike\.gradle\caches\modules-2\files-2.1\org.jetbrains.kotlin\kotlin-compiler-embeddable\1.2.30\9b3f10d4717b9ac238b287e9b6eb2b4eadd8e870\kotlin-compiler-embeddable-1.2.30.jar;C:\Users\Mike\.gradle\caches\modules-2\files-2.1\org.jetbrains.kotlin\kotlin-stdlib\1.2.30\2dfac33f8b4e92c9dd1422cd286834701a6f6d6\kotlin-stdlib-1.2.30.jar;C:\Users\Mike\.gradle\caches\modules-2\files-2.1\org.jetbrains.kotlin\kotlin-script-runtime\1.2.30\37ee7531a636e99b639f8b1544cdda27d0ee30b0\kotlin-script-runtime-1.2.30.jar;C:\Users\Mike\.gradle\caches\modules-2\files-2.1\org.jetbrains.kotlin\kotlin-reflect\1.2.30\9758025a415ee400e1f90ff222bcfec247779133\kotlin-reflect-1.2.30.jar;D:\Apps\Android Studio\jre\lib\tools.jar
java_class_path (initial): C:\Users\Mike\.gradle\caches\modules-2\files-2.1\org.jetbrains.kotlin\kotlin-compiler-embeddable\1.2.30\9b3f10d4717b9ac238b287e9b6eb2b4eadd8e870\kotlin-compiler-embeddable-1.2.30.jar;C:\Users\Mike\.gradle\caches\modules-2\files-2.1\org.jetbrains.kotlin\kotlin-stdlib\1.2.30\2dfac33f8b4e92c9dd1422cd286834701a6f6d6\kotlin-stdlib-1.2.30.jar;C:\Users\Mike\.gradle\caches\modules-2\files-2.1\org.jetbrains.kotlin\kotlin-script-runtime\1.2.30\37ee7531a636e99b639f8b1544cdda27d0ee30b0\kotlin-script-runtime-1.2.30.jar;C:\Users\Mike\.gradle\caches\modules-2\files-2.1\org.jetbrains.kotlin\kotlin-reflect\1.2.30\9758025a415ee400e1f90ff222bcfec247779133\kotlin-reflect-1.2.30.jar;D:\Apps\Android Studio\jre\lib\tools.jar
Launcher Type: SUN_STANDARD

Environment Variables:
PATH=C:\ProgramData\Oracle\Java\javapath;C:\Windows\system32;C:\Windows;C:\Windows\System32\Wbem;C:\Windows\System32\WindowsPowerShell\v1.0\;C:\Program Files\nodejs\;C:\Users\Mike\AppData\Roaming\npm;C:\Users\Mike\AppData\Local\GitHubDesktop\bin;C:\adb;C:\Program Files (x86)\QuickTime\QTSystem\;C:\Program Files (x86)\NVIDIA Corporation\PhysX\Common;C:\Program Files\PuTTY\;C:\Program Files\Git\cmd;C:\Users\Mike\AppData\Roaming\npm;C:\Users\Mike\AppData\Local\GitHubDesktop\bin
USERNAME=Mike
OS=Windows_NT
PROCESSOR_IDENTIFIER=Intel64 Family 6 Model 42 Stepping 7, GenuineIntel



---------------  S Y S T E M  ---------------

OS: Windows 8.1 , 64 bit Build 9600 (6.3.9600.17415)

CPU:total 4 (initial active 4) (2 cores per cpu, 2 threads per core) family 6 model 42 stepping 7, cmov, cx8, fxsr, mmx, sse, sse2, sse3, ssse3, sse4.1, sse4.2, popcnt, avx, clmul, ht, tsc, tscinvbit

Memory: 4k page, physical 6139756k(108372k free), swap 9285484k(5812k free)

vm_info: OpenJDK 64-Bit Server VM (25.152-b02) for windows-amd64 JRE (1.8.0_152-release-1024-b02), built by "builder" with MS VC++ 10.0 (VS2010)

time: Sun Apr 29 13:43:01 2018
elapsed time: 239 seconds (0d 0h 3m 59s)

